0 info it worked if it ends with ok
1 verbose cli [ 'C:\\Program Files\\nodejs\\node.exe',
1 verbose cli   'C:\\Program Files\\nodejs\\node_modules\\npm\\bin\\npm-cli.js',
1 verbose cli   'i',
1 verbose cli   '-g',
1 verbose cli   'bower' ]
2 info using npm@3.9.2
3 info using node@v4.4.4
4 silly loadCurrentTree Starting
5 silly install loadCurrentTree
6 silly install readGlobalPackageData
7 silly fetchPackageMetaData bower
8 silly fetchNamedPackageData bower
9 silly mapToRegistry name bower
10 silly mapToRegistry using default registry
11 silly mapToRegistry registry https://registry.npmjs.org/
12 silly mapToRegistry data Result {
12 silly mapToRegistry   raw: 'bower',
12 silly mapToRegistry   scope: null,
12 silly mapToRegistry   name: 'bower',
12 silly mapToRegistry   rawSpec: '',
12 silly mapToRegistry   spec: 'latest',
12 silly mapToRegistry   type: 'tag' }
13 silly mapToRegistry uri https://registry.npmjs.org/bower
14 verbose request uri https://registry.npmjs.org/bower
15 verbose request no auth needed
16 info attempt registry request try #1 at 10:22:11 PM
17 verbose request id 6c90c81fb016b93f
18 verbose etag "1T4LCG18WGEQZUZRIGLWI388G"
19 http request GET https://registry.npmjs.org/bower
20 http 304 https://registry.npmjs.org/bower
21 verbose headers { date: 'Mon, 07 Nov 2016 16:52:11 GMT',
21 verbose headers   via: '1.1 varnish',
21 verbose headers   'cache-control': 'max-age=300',
21 verbose headers   etag: '"1T4LCG18WGEQZUZRIGLWI388G"',
21 verbose headers   age: '12',
21 verbose headers   connection: 'keep-alive',
21 verbose headers   'x-served-by': 'cache-sin6921-SIN',
21 verbose headers   'x-cache': 'HIT',
21 verbose headers   'x-cache-hits': '1',
21 verbose headers   'x-timer': 'S1478537531.778861,VS0,VE0',
21 verbose headers   vary: 'Accept-Encoding' }
22 silly get cb [ 304,
22 silly get   { date: 'Mon, 07 Nov 2016 16:52:11 GMT',
22 silly get     via: '1.1 varnish',
22 silly get     'cache-control': 'max-age=300',
22 silly get     etag: '"1T4LCG18WGEQZUZRIGLWI388G"',
22 silly get     age: '12',
22 silly get     connection: 'keep-alive',
22 silly get     'x-served-by': 'cache-sin6921-SIN',
22 silly get     'x-cache': 'HIT',
22 silly get     'x-cache-hits': '1',
22 silly get     'x-timer': 'S1478537531.778861,VS0,VE0',
22 silly get     vary: 'Accept-Encoding' } ]
23 verbose etag https://registry.npmjs.org/bower from cache
24 verbose get saving bower to C:\Users\muditjain\AppData\Roaming\npm-cache\registry.npmjs.org\bower\.cache.json
25 verbose correctMkdir C:\Users\muditjain\AppData\Roaming\npm-cache correctMkdir not in flight; initializing
26 silly install normalizeTree
27 silly loadCurrentTree Finishing
28 silly loadIdealTree Starting
29 silly install loadIdealTree
30 silly cloneCurrentTree Starting
31 silly install cloneCurrentTreeToIdealTree
32 silly cloneCurrentTree Finishing
33 silly loadShrinkwrap Starting
34 silly install loadShrinkwrap
35 silly loadShrinkwrap Finishing
36 silly loadAllDepsIntoIdealTree Starting
37 silly install loadAllDepsIntoIdealTree
38 silly resolveWithNewModule bower@1.8.0 checking installable status
39 silly cache add args [ 'bower', null ]
40 verbose cache add spec bower
41 silly cache add parsed spec Result {
41 silly cache add   raw: 'bower',
41 silly cache add   scope: null,
41 silly cache add   name: 'bower',
41 silly cache add   rawSpec: '',
41 silly cache add   spec: 'latest',
41 silly cache add   type: 'tag' }
42 silly addNamed bower@latest
43 verbose addNamed "latest" is being treated as a dist-tag for bower
44 info addNameTag [ 'bower', 'latest' ]
45 silly mapToRegistry name bower
46 silly mapToRegistry using default registry
47 silly mapToRegistry registry https://registry.npmjs.org/
48 silly mapToRegistry data Result {
48 silly mapToRegistry   raw: 'bower',
48 silly mapToRegistry   scope: null,
48 silly mapToRegistry   name: 'bower',
48 silly mapToRegistry   rawSpec: '',
48 silly mapToRegistry   spec: 'latest',
48 silly mapToRegistry   type: 'tag' }
49 silly mapToRegistry uri https://registry.npmjs.org/bower
50 verbose addNameTag registry:https://registry.npmjs.org/bower not in flight; fetching
51 verbose get https://registry.npmjs.org/bower not expired, no request
52 silly addNameTag next cb for bower with tag latest
53 silly addNamed bower@1.8.0
54 verbose addNamed "1.8.0" is a plain semver version for bower
55 silly cache afterAdd bower@1.8.0
56 verbose afterAdd C:\Users\muditjain\AppData\Roaming\npm-cache\bower\1.8.0\package\package.json not in flight; writing
57 verbose correctMkdir C:\Users\muditjain\AppData\Roaming\npm-cache correctMkdir not in flight; initializing
58 verbose afterAdd C:\Users\muditjain\AppData\Roaming\npm-cache\bower\1.8.0\package\package.json written
59 silly loadAllDepsIntoIdealTree Finishing
60 silly idealTree:prePrune nodejs
60 silly idealTree:prePrune `-- bower@1.8.0
61 silly loadIdealTree Finishing
62 silly currentTree nodejs
62 silly currentTree `-- bower@1.7.9
63 silly idealTree nodejs
63 silly idealTree `-- bower@1.8.0
64 silly generateActionsToTake Starting
65 silly install generateActionsToTake
66 silly generateActionsToTake Finishing
67 silly diffTrees action count 1
68 silly diffTrees update bower@1.8.0
69 silly decomposeActions action count 8
70 silly decomposeActions fetch bower@1.8.0
71 silly decomposeActions extract bower@1.8.0
72 silly decomposeActions test bower@1.8.0
73 silly decomposeActions preinstall bower@1.8.0
74 silly decomposeActions build bower@1.8.0
75 silly decomposeActions install bower@1.8.0
76 silly decomposeActions postinstall bower@1.8.0
77 silly decomposeActions finalize bower@1.8.0
78 silly executeActions Starting
79 silly install executeActions
80 silly doSerial global-install 0
81 silly doParallel fetch 1
82 verbose correctMkdir C:\Users\muditjain\AppData\Roaming\npm-cache\_locks correctMkdir not in flight; initializing
83 verbose lock using C:\Users\muditjain\AppData\Roaming\npm-cache\_locks\staging-dfd8fbf9c1feea0f.lock for C:\Program Files\nodejs\node_modules\.staging
84 verbose unlock done using C:\Users\muditjain\AppData\Roaming\npm-cache\_locks\staging-dfd8fbf9c1feea0f.lock for C:\Program Files\nodejs\node_modules\.staging
85 silly rollbackFailedOptional Starting
86 silly rollbackFailedOptional Finishing
87 silly runTopLevelLifecycles Starting
88 silly runTopLevelLifecycles Finishing
89 silly install printInstalled
90 verbose stack Error: EPERM: operation not permitted, mkdir 'C:\Program Files\nodejs\node_modules\.staging'
90 verbose stack     at Error (native)
91 verbose cwd S:\Projects\mwh
92 error Windows_NT 10.0.10586
93 error argv "C:\\Program Files\\nodejs\\node.exe" "C:\\Program Files\\nodejs\\node_modules\\npm\\bin\\npm-cli.js" "i" "-g" "bower"
94 error node v4.4.4
95 error npm  v3.9.2
96 error path C:\Program Files\nodejs\node_modules\.staging
97 error code EPERM
98 error errno -4048
99 error syscall mkdir
100 error Error: EPERM: operation not permitted, mkdir 'C:\Program Files\nodejs\node_modules\.staging'
100 error     at Error (native)
100 error  { [Error: EPERM: operation not permitted, mkdir 'C:\Program Files\nodejs\node_modules\.staging']
100 error   errno: -4048,
100 error   code: 'EPERM',
100 error   syscall: 'mkdir',
100 error   path: 'C:\\Program Files\\nodejs\\node_modules\\.staging' }
101 error Please try running this command again as root/Administrator.
102 verbose exit [ -4048, true ]
